<?xml version="1.0" encoding="UTF-8"?>
<!-- Generated by org.testng.reporters.JUnitXMLReporter -->
<testsuite ignored="3" hostname="AmalVGeorge" failures="0" tests="1" name="Default test" time="27.999" errors="0" timestamp="2025-05-31T08:55:35 IST">
  <testcase classname="testScript.LoginTest" name="verifywithInvalidCredentials" time="16.28"/>
  <testcase classname="testScript.LoginTest" name="verifywithInvalidUserLoginValidPassword" time="0.0">
    <ignored/>
  </testcase> <!-- verifywithInvalidUserLoginValidPassword -->
  <testcase classname="testScript.LoginTest" name="verifyUserLoginwithValidCredentials" time="0.0">
    <ignored/>
  </testcase> <!-- verifyUserLoginwithValidCredentials -->
  <testcase classname="testScript.LoginTest" name="verifywithValidUsernameInvalidPassword" time="0.0">
    <ignored/>
  </testcase> <!-- verifywithValidUsernameInvalidPassword -->
</testsuite> <!-- Default test -->
