<?xml version="1.0" encoding="UTF-8"?>
<testng-results ignored="0" total="1" passed="1" failed="0" skipped="0">
  <reporter-output>
  </reporter-output>
  <suite started-at="2025-05-31T08:55:07 IST" name="Default suite" finished-at="2025-05-31T08:55:35 IST" duration-ms="27999">
    <groups>
    </groups>
    <test started-at="2025-05-31T08:55:07 IST" name="Default test" finished-at="2025-05-31T08:55:35 IST" duration-ms="27999">
      <class name="testScript.LoginTest">
        <test-method is-config="true" signature="intialisebrowser()[pri:0, instance:testScript.LoginTest@6743e411]" started-at="2025-05-31T08:55:07 IST" name="intialisebrowser" finished-at="2025-05-31T08:55:17 IST" duration-ms="9969" status="PASS">
          <reporter-output>
          </reporter-output>
        </test-method> <!-- intialisebrowser -->
        <test-method signature="verifywithInvalidCredentials()[pri:0, instance:testScript.LoginTest@6743e411]" started-at="2025-05-31T08:55:17 IST" name="verifywithInvalidCredentials" finished-at="2025-05-31T08:55:33 IST" duration-ms="16280" status="PASS">
          <reporter-output>
          </reporter-output>
        </test-method> <!-- verifywithInvalidCredentials -->
        <test-method is-config="true" signature="browserclose()[pri:0, instance:testScript.LoginTest@6743e411]" started-at="2025-05-31T08:55:34 IST" name="browserclose" finished-at="2025-05-31T08:55:35 IST" duration-ms="1334" status="PASS">
          <reporter-output>
          </reporter-output>
        </test-method> <!-- browserclose -->
      </class> <!-- testScript.LoginTest -->
    </test> <!-- Default test -->
  </suite> <!-- Default suite -->
</testng-results>
