<?xml version="1.0" encoding="UTF-8"?>
<testng-results ignored="0" total="1" passed="1" failed="0" skipped="0">
  <reporter-output>
  </reporter-output>
  <suite started-at="2025-05-29T21:33:49 IST" name="Default suite" finished-at="2025-05-29T21:34:05 IST" duration-ms="16424">
    <groups>
    </groups>
    <test started-at="2025-05-29T21:33:49 IST" name="Default test" finished-at="2025-05-29T21:34:05 IST" duration-ms="16424">
      <class name="testScript.LoginTest">
        <test-method is-config="true" signature="intialisebrowser()[pri:0, instance:testScript.LoginTest@4c12331b]" started-at="2025-05-29T21:33:49 IST" name="intialisebrowser" finished-at="2025-05-29T21:34:01 IST" duration-ms="11591" status="PASS">
          <reporter-output>
          </reporter-output>
        </test-method> <!-- intialisebrowser -->
        <test-method signature="verifyUserLoginwithValidCredentials()[pri:0, instance:testScript.LoginTest@4c12331b]" started-at="2025-05-29T21:34:01 IST" name="verifyUserLoginwithValidCredentials" finished-at="2025-05-29T21:34:04 IST" duration-ms="3289" status="PASS">
          <reporter-output>
          </reporter-output>
        </test-method> <!-- verifyUserLoginwithValidCredentials -->
        <test-method is-config="true" signature="browserclose()[pri:0, instance:testScript.LoginTest@4c12331b]" started-at="2025-05-29T21:34:04 IST" name="browserclose" finished-at="2025-05-29T21:34:05 IST" duration-ms="1142" status="PASS">
          <reporter-output>
          </reporter-output>
        </test-method> <!-- browserclose -->
      </class> <!-- testScript.LoginTest -->
    </test> <!-- Default test -->
  </suite> <!-- Default suite -->
</testng-results>
