<?xml version="1.0" encoding="UTF-8"?>
<!-- Generated by org.testng.reporters.JUnitXMLReporter -->
<testsuite ignored="3" hostname="AmalVGeorge" failures="0" tests="1" name="Default test" time="14.424" errors="0" timestamp="2025-06-03T10:46:42 IST">
  <testcase classname="testScript.LoginMartTest" name="validateWithInvalidCredentials" time="6.027"/>
  <testcase classname="testScript.LoginMartTest" name="validateWithValidCredentials" time="0.0">
    <ignored/>
  </testcase> <!-- validateWithValidCredentials -->
  <testcase classname="testScript.LoginMartTest" name="validateWithValidUsernameandInvalidPassword" time="0.0">
    <ignored/>
  </testcase> <!-- validateWithValidUsernameandInvalidPassword -->
  <testcase classname="testScript.LoginMartTest" name="validateWithInvalidUsernameandValidPassword" time="0.0">
    <ignored/>
  </testcase> <!-- validateWithInvalidUsernameandValidPassword -->
</testsuite> <!-- Default test -->
